2022-02-12 00:08:09.384  INFO 47429 --- [restartedMain] c.a.n.c.c.impl.LocalConfigInfoProcessor  : LOCAL_SNAPSHOT_PATH:/home/stone/nacos/config
2022-02-12 00:08:09.401  INFO 47429 --- [restartedMain] c.a.nacos.client.config.impl.Limiter     : limitTime:5.0
2022-02-12 00:08:09.416  WARN 47429 --- [restartedMain] c.a.c.n.c.NacosPropertySourceBuilder     : Ignore the empty nacos configuration and get it based on dataId[mall-product] & group[DEFAULT_GROUP]
2022-02-12 00:08:09.419  WARN 47429 --- [restartedMain] c.a.c.n.c.NacosPropertySourceBuilder     : Ignore the empty nacos configuration and get it based on dataId[mall-product.properties] & group[DEFAULT_GROUP]
2022-02-12 00:08:09.419  INFO 47429 --- [restartedMain] b.c.PropertySourceBootstrapConfiguration : Located property source: [BootstrapPropertySource {name='bootstrapProperties-mall-product.properties,DEFAULT_GROUP'}, BootstrapPropertySource {name='bootstrapProperties-mall-product,DEFAULT_GROUP'}]
2022-02-12 00:08:09.429  INFO 47429 --- [restartedMain] c.s.mall.product.MallProductApplication  : No active profile set, falling back to default profiles: default
2022-02-12 00:08:09.822  INFO 47429 --- [restartedMain] .s.d.r.c.RepositoryConfigurationDelegate : Multiple Spring Data modules found, entering strict repository configuration mode!
2022-02-12 00:08:09.824  INFO 47429 --- [restartedMain] .s.d.r.c.RepositoryConfigurationDelegate : Bootstrapping Spring Data Redis repositories in DEFAULT mode.
2022-02-12 00:08:09.838  INFO 47429 --- [restartedMain] .s.d.r.c.RepositoryConfigurationDelegate : Finished Spring Data repository scanning in 7 ms. Found 0 Redis repository interfaces.
2022-02-12 00:08:09.957  WARN 47429 --- [restartedMain] o.m.s.mapper.ClassPathMapperScanner      : Skipping MapperFactoryBean with name 'attrAttrgroupRelationDao' and 'com.stone.mall.product.dao.AttrAttrgroupRelationDao' mapperInterface. Bean already defined with the same name!
2022-02-12 00:08:09.957  WARN 47429 --- [restartedMain] o.m.s.mapper.ClassPathMapperScanner      : Skipping MapperFactoryBean with name 'attrDao' and 'com.stone.mall.product.dao.AttrDao' mapperInterface. Bean already defined with the same name!
2022-02-12 00:08:09.957  WARN 47429 --- [restartedMain] o.m.s.mapper.ClassPathMapperScanner      : Skipping MapperFactoryBean with name 'attrGroupDao' and 'com.stone.mall.product.dao.AttrGroupDao' mapperInterface. Bean already defined with the same name!
2022-02-12 00:08:09.957  WARN 47429 --- [restartedMain] o.m.s.mapper.ClassPathMapperScanner      : Skipping MapperFactoryBean with name 'brandDao' and 'com.stone.mall.product.dao.BrandDao' mapperInterface. Bean already defined with the same name!
2022-02-12 00:08:09.957  WARN 47429 --- [restartedMain] o.m.s.mapper.ClassPathMapperScanner      : Skipping MapperFactoryBean with name 'categoryBrandRelationDao' and 'com.stone.mall.product.dao.CategoryBrandRelationDao' mapperInterface. Bean already defined with the same name!
2022-02-12 00:08:09.957  WARN 47429 --- [restartedMain] o.m.s.mapper.ClassPathMapperScanner      : Skipping MapperFactoryBean with name 'categoryDao' and 'com.stone.mall.product.dao.CategoryDao' mapperInterface. Bean already defined with the same name!
2022-02-12 00:08:09.957  WARN 47429 --- [restartedMain] o.m.s.mapper.ClassPathMapperScanner      : Skipping MapperFactoryBean with name 'commentReplayDao' and 'com.stone.mall.product.dao.CommentReplayDao' mapperInterface. Bean already defined with the same name!
2022-02-12 00:08:09.957  WARN 47429 --- [restartedMain] o.m.s.mapper.ClassPathMapperScanner      : Skipping MapperFactoryBean with name 'productAttrValueDao' and 'com.stone.mall.product.dao.ProductAttrValueDao' mapperInterface. Bean already defined with the same name!
2022-02-12 00:08:09.957  WARN 47429 --- [restartedMain] o.m.s.mapper.ClassPathMapperScanner      : Skipping MapperFactoryBean with name 'skuImagesDao' and 'com.stone.mall.product.dao.SkuImagesDao' mapperInterface. Bean already defined with the same name!
2022-02-12 00:08:09.958  WARN 47429 --- [restartedMain] o.m.s.mapper.ClassPathMapperScanner      : Skipping MapperFactoryBean with name 'skuInfoDao' and 'com.stone.mall.product.dao.SkuInfoDao' mapperInterface. Bean already defined with the same name!
2022-02-12 00:08:09.958  WARN 47429 --- [restartedMain] o.m.s.mapper.ClassPathMapperScanner      : Skipping MapperFactoryBean with name 'skuSaleAttrValueDao' and 'com.stone.mall.product.dao.SkuSaleAttrValueDao' mapperInterface. Bean already defined with the same name!
2022-02-12 00:08:09.958  WARN 47429 --- [restartedMain] o.m.s.mapper.ClassPathMapperScanner      : Skipping MapperFactoryBean with name 'spuCommentDao' and 'com.stone.mall.product.dao.SpuCommentDao' mapperInterface. Bean already defined with the same name!
2022-02-12 00:08:09.958  WARN 47429 --- [restartedMain] o.m.s.mapper.ClassPathMapperScanner      : Skipping MapperFactoryBean with name 'spuImagesDao' and 'com.stone.mall.product.dao.SpuImagesDao' mapperInterface. Bean already defined with the same name!
2022-02-12 00:08:09.958  WARN 47429 --- [restartedMain] o.m.s.mapper.ClassPathMapperScanner      : Skipping MapperFactoryBean with name 'spuInfoDao' and 'com.stone.mall.product.dao.SpuInfoDao' mapperInterface. Bean already defined with the same name!
2022-02-12 00:08:09.958  WARN 47429 --- [restartedMain] o.m.s.mapper.ClassPathMapperScanner      : Skipping MapperFactoryBean with name 'spuInfoDescDao' and 'com.stone.mall.product.dao.SpuInfoDescDao' mapperInterface. Bean already defined with the same name!
2022-02-12 00:08:09.958  WARN 47429 --- [restartedMain] o.m.s.mapper.ClassPathMapperScanner      : Skipping MapperFactoryBean with name 'undoLogDao' and 'com.stone.mall.product.dao.UndoLogDao' mapperInterface. Bean already defined with the same name!
2022-02-12 00:08:09.958  WARN 47429 --- [restartedMain] o.m.s.mapper.ClassPathMapperScanner      : No MyBatis mapper was found in '[com.stone.mall.product.dao]' package. Please check your configuration.
2022-02-12 00:08:10.005  INFO 47429 --- [restartedMain] o.s.cloud.context.scope.GenericScope     : BeanFactory id=714fc8f5-d11c-3e20-b95b-9f2ef1c6b91c
2022-02-12 00:08:10.419  INFO 47429 --- [restartedMain] o.s.b.w.embedded.tomcat.TomcatWebServer  : Tomcat initialized with port(s): 10000 (http)
2022-02-12 00:08:10.425  INFO 47429 --- [restartedMain] o.apache.catalina.core.StandardService   : Starting service [Tomcat]
2022-02-12 00:08:10.425  INFO 47429 --- [restartedMain] org.apache.catalina.core.StandardEngine  : Starting Servlet engine: [Apache Tomcat/9.0.56]
2022-02-12 00:08:10.468  INFO 47429 --- [restartedMain] o.a.c.c.C.[Tomcat].[localhost].[/]       : Initializing Spring embedded WebApplicationContext
2022-02-12 00:08:10.468  INFO 47429 --- [restartedMain] w.s.c.ServletWebServerApplicationContext : Root WebApplicationContext: initialization completed in 1024 ms
2022-02-12 00:08:11.301  INFO 47429 --- [restartedMain] o.s.b.d.a.OptionalLiveReloadServer       : LiveReload server is running on port 35729
2022-02-12 00:08:11.313  INFO 47429 --- [restartedMain] o.s.c.openfeign.FeignClientFactoryBean   : For 'mall-coupon' URL not provided. Will try picking an instance via load-balancing.
2022-02-12 00:08:11.344  INFO 47429 --- [restartedMain] o.s.c.openfeign.FeignClientFactoryBean   : For 'mall-ware' URL not provided. Will try picking an instance via load-balancing.
2022-02-12 00:08:11.357  INFO 47429 --- [restartedMain] o.s.c.openfeign.FeignClientFactoryBean   : For 'mall-search' URL not provided. Will try picking an instance via load-balancing.
2022-02-12 00:08:11.517  INFO 47429 --- [restartedMain] o.s.b.a.w.s.WelcomePageHandlerMapping    : Adding welcome page template: index
2022-02-12 00:08:11.738  WARN 47429 --- [restartedMain] iguration$LoadBalancerCaffeineWarnLogger : Spring Cloud LoadBalancer is currently working with the default cache. While this cache implementation is useful for development and tests, it's recommended to use Caffeine cache in production.You can switch to using Caffeine cache, by adding it and org.springframework.cache.caffeine.CaffeineCacheManager to the classpath.
2022-02-12 00:08:11.797  INFO 47429 --- [restartedMain] com.alibaba.nacos.client.naming          : initializer namespace from System Property :null
2022-02-12 00:08:11.797  INFO 47429 --- [restartedMain] com.alibaba.nacos.client.naming          : initializer namespace from System Environment :null
2022-02-12 00:08:11.797  INFO 47429 --- [restartedMain] com.alibaba.nacos.client.naming          : initializer namespace from System Property :null
2022-02-12 00:08:11.868  INFO 47429 --- [restartedMain] o.s.b.w.embedded.tomcat.TomcatWebServer  : Tomcat started on port(s): 10000 (http) with context path ''
2022-02-12 00:08:11.871  INFO 47429 --- [restartedMain] com.alibaba.nacos.client.naming          : [BEAT] adding beat: BeatInfo{port=10000, ip='192.168.3.15', weight=1.0, serviceName='DEFAULT_GROUP@@mall-product', cluster='DEFAULT', metadata={preserved.register.source=SPRING_CLOUD}, scheduled=false, period=5000, stopped=false} to beat map.
2022-02-12 00:08:11.872  INFO 47429 --- [restartedMain] com.alibaba.nacos.client.naming          : [REGISTER-SERVICE] public registering service DEFAULT_GROUP@@mall-product with instance: Instance{instanceId='null', ip='192.168.3.15', port=10000, weight=1.0, healthy=true, enabled=true, ephemeral=true, clusterName='DEFAULT', serviceName='null', metadata={preserved.register.source=SPRING_CLOUD}}
2022-02-12 00:08:11.875  INFO 47429 --- [restartedMain] c.a.c.n.registry.NacosServiceRegistry    : nacos registry, DEFAULT_GROUP mall-product 192.168.3.15:10000 register finished
2022-02-12 00:08:11.884  INFO 47429 --- [restartedMain] c.s.mall.product.MallProductApplication  : Started MallProductApplication in 3.247 seconds (JVM running for 3.877)
2022-02-12 00:08:11.888  INFO 47429 --- [restartedMain] c.a.n.client.config.impl.ClientWorker    : [fixed-127.0.0.1_8848-1d9c10ac-21f1-4a03-802e-af8ca4c061c4] [subscribe] mall-product+DEFAULT_GROUP+1d9c10ac-21f1-4a03-802e-af8ca4c061c4
2022-02-12 00:08:11.888  INFO 47429 --- [restartedMain] c.a.nacos.client.config.impl.CacheData   : [fixed-127.0.0.1_8848-1d9c10ac-21f1-4a03-802e-af8ca4c061c4] [add-listener] ok, tenant=1d9c10ac-21f1-4a03-802e-af8ca4c061c4, dataId=mall-product, group=DEFAULT_GROUP, cnt=1
2022-02-12 00:08:11.888  INFO 47429 --- [restartedMain] c.a.n.client.config.impl.ClientWorker    : [fixed-127.0.0.1_8848-1d9c10ac-21f1-4a03-802e-af8ca4c061c4] [subscribe] mall-product.properties+DEFAULT_GROUP+1d9c10ac-21f1-4a03-802e-af8ca4c061c4
2022-02-12 00:08:11.889  INFO 47429 --- [restartedMain] c.a.nacos.client.config.impl.CacheData   : [fixed-127.0.0.1_8848-1d9c10ac-21f1-4a03-802e-af8ca4c061c4] [add-listener] ok, tenant=1d9c10ac-21f1-4a03-802e-af8ca4c061c4, dataId=mall-product.properties, group=DEFAULT_GROUP, cnt=1
2022-02-12 00:08:12.883  INFO 47429 --- [com.alibaba.nacos.client.naming.updater] com.alibaba.nacos.client.naming          : new ips(1) service: DEFAULT_GROUP@@mall-product@@DEFAULT -> [{"instanceId":"192.168.3.15#10000#DEFAULT#DEFAULT_GROUP@@mall-product","ip":"192.168.3.15","port":10000,"weight":1.0,"healthy":true,"enabled":true,"ephemeral":true,"clusterName":"DEFAULT","serviceName":"mall-product","metadata":{"preserved.register.source":"SPRING_CLOUD"},"ipDeleteTimeout":30000,"instanceHeartBeatInterval":5000,"instanceHeartBeatTimeOut":15000}]
2022-02-12 00:08:12.890  INFO 47429 --- [com.alibaba.nacos.client.naming.updater] com.alibaba.nacos.client.naming          : current ips:(1) service: DEFAULT_GROUP@@mall-product@@DEFAULT -> [{"instanceId":"192.168.3.15#10000#DEFAULT#DEFAULT_GROUP@@mall-product","ip":"192.168.3.15","port":10000,"weight":1.0,"healthy":true,"enabled":true,"ephemeral":true,"clusterName":"DEFAULT","serviceName":"mall-product","metadata":{"preserved.register.source":"SPRING_CLOUD"},"ipDeleteTimeout":30000,"instanceHeartBeatInterval":5000,"instanceHeartBeatTimeOut":15000}]
2022-02-12 00:09:02.687  WARN 47429 --- [Thread-6] c.a.n.common.http.HttpClientBeanHolder   : [HttpClientBeanHolder] Start destroying common HttpClient
2022-02-12 00:09:02.692  WARN 47429 --- [Thread-6] c.a.n.common.http.HttpClientBeanHolder   : [HttpClientBeanHolder] Destruction of the end
2022-02-12 00:09:02.688  WARN 47429 --- [Thread-25] c.a.nacos.common.notify.NotifyCenter     : [NotifyCenter] Start destroying Publisher
2022-02-12 00:09:02.692  WARN 47429 --- [Thread-25] c.a.nacos.common.notify.NotifyCenter     : [NotifyCenter] Destruction of the end
2022-02-12 00:09:02.699  INFO 47429 --- [SpringApplicationShutdownHook] c.a.c.n.registry.NacosServiceRegistry    : De-registering from Nacos Server now...
2022-02-12 00:09:02.699  INFO 47429 --- [SpringApplicationShutdownHook] com.alibaba.nacos.client.naming          : [BEAT] removing beat: DEFAULT_GROUP@@mall-product:192.168.3.15:10000 from beat map.
2022-02-12 00:09:02.700  INFO 47429 --- [SpringApplicationShutdownHook] com.alibaba.nacos.client.naming          : [DEREGISTER-SERVICE] public deregistering service DEFAULT_GROUP@@mall-product with instance: Instance{instanceId='null', ip='192.168.3.15', port=10000, weight=1.0, healthy=true, enabled=true, ephemeral=true, clusterName='DEFAULT', serviceName='null', metadata={}}
2022-02-12 00:09:02.701  INFO 47429 --- [SpringApplicationShutdownHook] c.a.c.n.registry.NacosServiceRegistry    : De-registration finished.
2022-02-12 00:09:02.701  INFO 47429 --- [SpringApplicationShutdownHook] com.alibaba.nacos.client.naming          : com.alibaba.nacos.client.naming.beat.BeatReactor do shutdown begin
2022-02-12 00:09:03.958  INFO 47429 --- [com.alibaba.nacos.client.naming.updater] com.alibaba.nacos.client.naming          : removed ips(1) service: DEFAULT_GROUP@@mall-product@@DEFAULT -> [{"instanceId":"192.168.3.15#10000#DEFAULT#DEFAULT_GROUP@@mall-product","ip":"192.168.3.15","port":10000,"weight":1.0,"healthy":true,"enabled":true,"ephemeral":true,"clusterName":"DEFAULT","serviceName":"mall-product","metadata":{"preserved.register.source":"SPRING_CLOUD"},"ipDeleteTimeout":30000,"instanceHeartBeatInterval":5000,"instanceHeartBeatTimeOut":15000}]
2022-02-12 00:09:03.959  INFO 47429 --- [com.alibaba.nacos.client.naming.updater] com.alibaba.nacos.client.naming          : current ips:(0) service: DEFAULT_GROUP@@mall-product@@DEFAULT -> []
2022-02-12 00:09:05.702  INFO 47429 --- [SpringApplicationShutdownHook] com.alibaba.nacos.client.naming          : com.alibaba.nacos.client.naming.beat.BeatReactor do shutdown stop
2022-02-12 00:09:05.703  INFO 47429 --- [SpringApplicationShutdownHook] com.alibaba.nacos.client.naming          : com.alibaba.nacos.client.naming.core.HostReactor do shutdown begin
2022-02-12 00:09:05.962  INFO 47429 --- [SpringApplicationShutdownHook] com.alibaba.nacos.client.naming          : com.alibaba.nacos.client.naming.core.PushReceiver do shutdown begin
2022-02-12 00:09:08.962  INFO 47429 --- [SpringApplicationShutdownHook] com.alibaba.nacos.client.naming          : com.alibaba.nacos.client.naming.core.PushReceiver do shutdown stop
2022-02-12 00:09:08.962  INFO 47429 --- [SpringApplicationShutdownHook] com.alibaba.nacos.client.naming          : com.alibaba.nacos.client.naming.backups.FailoverReactor do shutdown begin
2022-02-12 00:09:08.963  INFO 47429 --- [SpringApplicationShutdownHook] com.alibaba.nacos.client.naming          : com.alibaba.nacos.client.naming.backups.FailoverReactor do shutdown stop
2022-02-12 00:09:08.963  INFO 47429 --- [SpringApplicationShutdownHook] com.alibaba.nacos.client.naming          : com.alibaba.nacos.client.naming.core.HostReactor do shutdown stop
2022-02-12 00:09:08.963  INFO 47429 --- [SpringApplicationShutdownHook] com.alibaba.nacos.client.naming          : com.alibaba.nacos.client.naming.net.NamingProxy do shutdown begin
2022-02-12 00:09:08.963  WARN 47429 --- [SpringApplicationShutdownHook] com.alibaba.nacos.client.naming          : [NamingHttpClientManager] Start destroying NacosRestTemplate
2022-02-12 00:09:08.963  WARN 47429 --- [SpringApplicationShutdownHook] com.alibaba.nacos.client.naming          : [NamingHttpClientManager] Destruction of the end
2022-02-12 00:09:08.963  INFO 47429 --- [SpringApplicationShutdownHook] c.a.n.client.identify.CredentialWatcher  : [null] CredentialWatcher is stopped
2022-02-12 00:09:08.963  INFO 47429 --- [SpringApplicationShutdownHook] c.a.n.client.identify.CredentialService  : [null] CredentialService is freed
2022-02-12 00:09:08.963  INFO 47429 --- [SpringApplicationShutdownHook] com.alibaba.nacos.client.naming          : com.alibaba.nacos.client.naming.net.NamingProxy do shutdown stop
2022-02-12 00:09:08.964  WARN 47429 --- [SpringApplicationShutdownHook] o.s.b.f.support.DisposableBeanAdapter    : Custom destroy method 'close' on bean with name 'nacosServiceRegistry' threw an exception: java.lang.NullPointerException
2022-02-12 16:19:20.142  INFO 31239 --- [restartedMain] c.a.n.c.c.impl.LocalConfigInfoProcessor  : LOCAL_SNAPSHOT_PATH:/home/stone/nacos/config
2022-02-12 16:19:20.166  INFO 31239 --- [restartedMain] c.a.nacos.client.config.impl.Limiter     : limitTime:5.0
2022-02-12 16:19:20.193  WARN 31239 --- [restartedMain] c.a.c.n.c.NacosPropertySourceBuilder     : Ignore the empty nacos configuration and get it based on dataId[mall-product] & group[DEFAULT_GROUP]
2022-02-12 16:19:20.197  WARN 31239 --- [restartedMain] c.a.c.n.c.NacosPropertySourceBuilder     : Ignore the empty nacos configuration and get it based on dataId[mall-product.properties] & group[DEFAULT_GROUP]
2022-02-12 16:19:20.197  INFO 31239 --- [restartedMain] b.c.PropertySourceBootstrapConfiguration : Located property source: [BootstrapPropertySource {name='bootstrapProperties-mall-product.properties,DEFAULT_GROUP'}, BootstrapPropertySource {name='bootstrapProperties-mall-product,DEFAULT_GROUP'}]
2022-02-12 16:19:20.218  INFO 31239 --- [restartedMain] c.s.mall.product.MallProductApplication  : No active profile set, falling back to default profiles: default
2022-02-12 16:19:20.840  INFO 31239 --- [restartedMain] .s.d.r.c.RepositoryConfigurationDelegate : Multiple Spring Data modules found, entering strict repository configuration mode!
2022-02-12 16:19:20.842  INFO 31239 --- [restartedMain] .s.d.r.c.RepositoryConfigurationDelegate : Bootstrapping Spring Data Redis repositories in DEFAULT mode.
2022-02-12 16:19:20.860  INFO 31239 --- [restartedMain] .s.d.r.c.RepositoryConfigurationDelegate : Finished Spring Data repository scanning in 8 ms. Found 0 Redis repository interfaces.
2022-02-12 16:19:20.983  WARN 31239 --- [restartedMain] o.m.s.mapper.ClassPathMapperScanner      : Skipping MapperFactoryBean with name 'attrAttrgroupRelationDao' and 'com.stone.mall.product.dao.AttrAttrgroupRelationDao' mapperInterface. Bean already defined with the same name!
2022-02-12 16:19:20.983  WARN 31239 --- [restartedMain] o.m.s.mapper.ClassPathMapperScanner      : Skipping MapperFactoryBean with name 'attrDao' and 'com.stone.mall.product.dao.AttrDao' mapperInterface. Bean already defined with the same name!
2022-02-12 16:19:20.983  WARN 31239 --- [restartedMain] o.m.s.mapper.ClassPathMapperScanner      : Skipping MapperFactoryBean with name 'attrGroupDao' and 'com.stone.mall.product.dao.AttrGroupDao' mapperInterface. Bean already defined with the same name!
2022-02-12 16:19:20.983  WARN 31239 --- [restartedMain] o.m.s.mapper.ClassPathMapperScanner      : Skipping MapperFactoryBean with name 'brandDao' and 'com.stone.mall.product.dao.BrandDao' mapperInterface. Bean already defined with the same name!
2022-02-12 16:19:20.983  WARN 31239 --- [restartedMain] o.m.s.mapper.ClassPathMapperScanner      : Skipping MapperFactoryBean with name 'categoryBrandRelationDao' and 'com.stone.mall.product.dao.CategoryBrandRelationDao' mapperInterface. Bean already defined with the same name!
2022-02-12 16:19:20.983  WARN 31239 --- [restartedMain] o.m.s.mapper.ClassPathMapperScanner      : Skipping MapperFactoryBean with name 'categoryDao' and 'com.stone.mall.product.dao.CategoryDao' mapperInterface. Bean already defined with the same name!
2022-02-12 16:19:20.983  WARN 31239 --- [restartedMain] o.m.s.mapper.ClassPathMapperScanner      : Skipping MapperFactoryBean with name 'commentReplayDao' and 'com.stone.mall.product.dao.CommentReplayDao' mapperInterface. Bean already defined with the same name!
2022-02-12 16:19:20.984  WARN 31239 --- [restartedMain] o.m.s.mapper.ClassPathMapperScanner      : Skipping MapperFactoryBean with name 'productAttrValueDao' and 'com.stone.mall.product.dao.ProductAttrValueDao' mapperInterface. Bean already defined with the same name!
2022-02-12 16:19:20.984  WARN 31239 --- [restartedMain] o.m.s.mapper.ClassPathMapperScanner      : Skipping MapperFactoryBean with name 'skuImagesDao' and 'com.stone.mall.product.dao.SkuImagesDao' mapperInterface. Bean already defined with the same name!
2022-02-12 16:19:20.984  WARN 31239 --- [restartedMain] o.m.s.mapper.ClassPathMapperScanner      : Skipping MapperFactoryBean with name 'skuInfoDao' and 'com.stone.mall.product.dao.SkuInfoDao' mapperInterface. Bean already defined with the same name!
2022-02-12 16:19:20.984  WARN 31239 --- [restartedMain] o.m.s.mapper.ClassPathMapperScanner      : Skipping MapperFactoryBean with name 'skuSaleAttrValueDao' and 'com.stone.mall.product.dao.SkuSaleAttrValueDao' mapperInterface. Bean already defined with the same name!
2022-02-12 16:19:20.984  WARN 31239 --- [restartedMain] o.m.s.mapper.ClassPathMapperScanner      : Skipping MapperFactoryBean with name 'spuCommentDao' and 'com.stone.mall.product.dao.SpuCommentDao' mapperInterface. Bean already defined with the same name!
2022-02-12 16:19:20.984  WARN 31239 --- [restartedMain] o.m.s.mapper.ClassPathMapperScanner      : Skipping MapperFactoryBean with name 'spuImagesDao' and 'com.stone.mall.product.dao.SpuImagesDao' mapperInterface. Bean already defined with the same name!
2022-02-12 16:19:20.984  WARN 31239 --- [restartedMain] o.m.s.mapper.ClassPathMapperScanner      : Skipping MapperFactoryBean with name 'spuInfoDao' and 'com.stone.mall.product.dao.SpuInfoDao' mapperInterface. Bean already defined with the same name!
2022-02-12 16:19:20.984  WARN 31239 --- [restartedMain] o.m.s.mapper.ClassPathMapperScanner      : Skipping MapperFactoryBean with name 'spuInfoDescDao' and 'com.stone.mall.product.dao.SpuInfoDescDao' mapperInterface. Bean already defined with the same name!
2022-02-12 16:19:20.984  WARN 31239 --- [restartedMain] o.m.s.mapper.ClassPathMapperScanner      : Skipping MapperFactoryBean with name 'undoLogDao' and 'com.stone.mall.product.dao.UndoLogDao' mapperInterface. Bean already defined with the same name!
2022-02-12 16:19:20.985  WARN 31239 --- [restartedMain] o.m.s.mapper.ClassPathMapperScanner      : No MyBatis mapper was found in '[com.stone.mall.product.dao]' package. Please check your configuration.
2022-02-12 16:19:21.026  INFO 31239 --- [restartedMain] o.s.cloud.context.scope.GenericScope     : BeanFactory id=714fc8f5-d11c-3e20-b95b-9f2ef1c6b91c
2022-02-12 16:19:21.468  INFO 31239 --- [restartedMain] o.s.b.w.embedded.tomcat.TomcatWebServer  : Tomcat initialized with port(s): 10000 (http)
2022-02-12 16:19:21.474  INFO 31239 --- [restartedMain] o.apache.catalina.core.StandardService   : Starting service [Tomcat]
2022-02-12 16:19:21.474  INFO 31239 --- [restartedMain] org.apache.catalina.core.StandardEngine  : Starting Servlet engine: [Apache Tomcat/9.0.56]
2022-02-12 16:19:21.519  INFO 31239 --- [restartedMain] o.a.c.c.C.[Tomcat].[localhost].[/]       : Initializing Spring embedded WebApplicationContext
2022-02-12 16:19:21.519  INFO 31239 --- [restartedMain] w.s.c.ServletWebServerApplicationContext : Root WebApplicationContext: initialization completed in 1264 ms
2022-02-12 16:19:22.401  INFO 31239 --- [restartedMain] o.s.b.d.a.OptionalLiveReloadServer       : LiveReload server is running on port 35729
2022-02-12 16:19:22.413  INFO 31239 --- [restartedMain] o.s.c.openfeign.FeignClientFactoryBean   : For 'mall-coupon' URL not provided. Will try picking an instance via load-balancing.
2022-02-12 16:19:22.450  INFO 31239 --- [restartedMain] o.s.c.openfeign.FeignClientFactoryBean   : For 'mall-ware' URL not provided. Will try picking an instance via load-balancing.
2022-02-12 16:19:22.463  INFO 31239 --- [restartedMain] o.s.c.openfeign.FeignClientFactoryBean   : For 'mall-search' URL not provided. Will try picking an instance via load-balancing.
2022-02-12 16:19:22.628  INFO 31239 --- [restartedMain] o.s.b.a.w.s.WelcomePageHandlerMapping    : Adding welcome page template: index
2022-02-12 16:19:22.842  WARN 31239 --- [restartedMain] iguration$LoadBalancerCaffeineWarnLogger : Spring Cloud LoadBalancer is currently working with the default cache. While this cache implementation is useful for development and tests, it's recommended to use Caffeine cache in production.You can switch to using Caffeine cache, by adding it and org.springframework.cache.caffeine.CaffeineCacheManager to the classpath.
2022-02-12 16:19:22.904  INFO 31239 --- [restartedMain] com.alibaba.nacos.client.naming          : initializer namespace from System Property :null
2022-02-12 16:19:22.904  INFO 31239 --- [restartedMain] com.alibaba.nacos.client.naming          : initializer namespace from System Environment :null
2022-02-12 16:19:22.905  INFO 31239 --- [restartedMain] com.alibaba.nacos.client.naming          : initializer namespace from System Property :null
2022-02-12 16:19:22.985  INFO 31239 --- [restartedMain] o.s.b.w.embedded.tomcat.TomcatWebServer  : Tomcat started on port(s): 10000 (http) with context path ''
2022-02-12 16:19:22.988  INFO 31239 --- [restartedMain] com.alibaba.nacos.client.naming          : [BEAT] adding beat: BeatInfo{port=10000, ip='192.168.3.15', weight=1.0, serviceName='DEFAULT_GROUP@@mall-product', cluster='DEFAULT', metadata={preserved.register.source=SPRING_CLOUD}, scheduled=false, period=5000, stopped=false} to beat map.
2022-02-12 16:19:22.989  INFO 31239 --- [restartedMain] com.alibaba.nacos.client.naming          : [REGISTER-SERVICE] public registering service DEFAULT_GROUP@@mall-product with instance: Instance{instanceId='null', ip='192.168.3.15', port=10000, weight=1.0, healthy=true, enabled=true, ephemeral=true, clusterName='DEFAULT', serviceName='null', metadata={preserved.register.source=SPRING_CLOUD}}
2022-02-12 16:19:22.993  INFO 31239 --- [restartedMain] c.a.c.n.registry.NacosServiceRegistry    : nacos registry, DEFAULT_GROUP mall-product 192.168.3.15:10000 register finished
2022-02-12 16:19:23.002  INFO 31239 --- [restartedMain] c.s.mall.product.MallProductApplication  : Started MallProductApplication in 4.244 seconds (JVM running for 4.888)
2022-02-12 16:19:23.004  INFO 31239 --- [restartedMain] c.a.n.client.config.impl.ClientWorker    : [fixed-127.0.0.1_8848-1d9c10ac-21f1-4a03-802e-af8ca4c061c4] [subscribe] mall-product+DEFAULT_GROUP+1d9c10ac-21f1-4a03-802e-af8ca4c061c4
2022-02-12 16:19:23.005  INFO 31239 --- [restartedMain] c.a.nacos.client.config.impl.CacheData   : [fixed-127.0.0.1_8848-1d9c10ac-21f1-4a03-802e-af8ca4c061c4] [add-listener] ok, tenant=1d9c10ac-21f1-4a03-802e-af8ca4c061c4, dataId=mall-product, group=DEFAULT_GROUP, cnt=1
2022-02-12 16:19:23.005  INFO 31239 --- [restartedMain] c.a.n.client.config.impl.ClientWorker    : [fixed-127.0.0.1_8848-1d9c10ac-21f1-4a03-802e-af8ca4c061c4] [subscribe] mall-product.properties+DEFAULT_GROUP+1d9c10ac-21f1-4a03-802e-af8ca4c061c4
2022-02-12 16:19:23.005  INFO 31239 --- [restartedMain] c.a.nacos.client.config.impl.CacheData   : [fixed-127.0.0.1_8848-1d9c10ac-21f1-4a03-802e-af8ca4c061c4] [add-listener] ok, tenant=1d9c10ac-21f1-4a03-802e-af8ca4c061c4, dataId=mall-product.properties, group=DEFAULT_GROUP, cnt=1
2022-02-12 16:19:24.017  INFO 31239 --- [com.alibaba.nacos.client.naming.updater] com.alibaba.nacos.client.naming          : new ips(1) service: DEFAULT_GROUP@@mall-product@@DEFAULT -> [{"instanceId":"192.168.3.15#10000#DEFAULT#DEFAULT_GROUP@@mall-product","ip":"192.168.3.15","port":10000,"weight":1.0,"healthy":true,"enabled":true,"ephemeral":true,"clusterName":"DEFAULT","serviceName":"mall-product","metadata":{"preserved.register.source":"SPRING_CLOUD"},"ipDeleteTimeout":30000,"instanceHeartBeatInterval":5000,"instanceHeartBeatTimeOut":15000}]
2022-02-12 16:19:24.021  INFO 31239 --- [com.alibaba.nacos.client.naming.updater] com.alibaba.nacos.client.naming          : current ips:(1) service: DEFAULT_GROUP@@mall-product@@DEFAULT -> [{"instanceId":"192.168.3.15#10000#DEFAULT#DEFAULT_GROUP@@mall-product","ip":"192.168.3.15","port":10000,"weight":1.0,"healthy":true,"enabled":true,"ephemeral":true,"clusterName":"DEFAULT","serviceName":"mall-product","metadata":{"preserved.register.source":"SPRING_CLOUD"},"ipDeleteTimeout":30000,"instanceHeartBeatInterval":5000,"instanceHeartBeatTimeOut":15000}]
2022-02-12 16:35:44.268  WARN 31239 --- [Thread-7] c.a.n.common.http.HttpClientBeanHolder   : [HttpClientBeanHolder] Start destroying common HttpClient
2022-02-12 16:35:44.268  WARN 31239 --- [Thread-7] c.a.n.common.http.HttpClientBeanHolder   : [HttpClientBeanHolder] Destruction of the end
2022-02-12 16:35:44.278  WARN 31239 --- [Thread-26] c.a.nacos.common.notify.NotifyCenter     : [NotifyCenter] Start destroying Publisher
2022-02-12 16:35:44.279  WARN 31239 --- [Thread-26] c.a.nacos.common.notify.NotifyCenter     : [NotifyCenter] Destruction of the end
2022-02-12 16:35:44.307  INFO 31239 --- [SpringApplicationShutdownHook] c.a.c.n.registry.NacosServiceRegistry    : De-registering from Nacos Server now...
2022-02-12 16:35:44.307  INFO 31239 --- [SpringApplicationShutdownHook] com.alibaba.nacos.client.naming          : [BEAT] removing beat: DEFAULT_GROUP@@mall-product:192.168.3.15:10000 from beat map.
2022-02-12 16:35:44.307  INFO 31239 --- [SpringApplicationShutdownHook] com.alibaba.nacos.client.naming          : [DEREGISTER-SERVICE] public deregistering service DEFAULT_GROUP@@mall-product with instance: Instance{instanceId='null', ip='192.168.3.15', port=10000, weight=1.0, healthy=true, enabled=true, ephemeral=true, clusterName='DEFAULT', serviceName='null', metadata={}}
2022-02-12 16:35:44.308  INFO 31239 --- [SpringApplicationShutdownHook] c.a.c.n.registry.NacosServiceRegistry    : De-registration finished.
2022-02-12 16:35:44.308  INFO 31239 --- [SpringApplicationShutdownHook] com.alibaba.nacos.client.naming          : com.alibaba.nacos.client.naming.beat.BeatReactor do shutdown begin
2022-02-12 16:35:46.161  INFO 31239 --- [com.alibaba.nacos.client.naming.updater] com.alibaba.nacos.client.naming          : removed ips(1) service: DEFAULT_GROUP@@mall-product@@DEFAULT -> [{"instanceId":"192.168.3.15#10000#DEFAULT#DEFAULT_GROUP@@mall-product","ip":"192.168.3.15","port":10000,"weight":1.0,"healthy":true,"enabled":true,"ephemeral":true,"clusterName":"DEFAULT","serviceName":"mall-product","metadata":{"preserved.register.source":"SPRING_CLOUD"},"ipDeleteTimeout":30000,"instanceHeartBeatInterval":5000,"instanceHeartBeatTimeOut":15000}]
2022-02-12 16:35:46.162  INFO 31239 --- [com.alibaba.nacos.client.naming.updater] com.alibaba.nacos.client.naming          : current ips:(0) service: DEFAULT_GROUP@@mall-product@@DEFAULT -> []
2022-02-12 16:35:47.309  INFO 31239 --- [SpringApplicationShutdownHook] com.alibaba.nacos.client.naming          : com.alibaba.nacos.client.naming.beat.BeatReactor do shutdown stop
2022-02-12 16:35:47.310  INFO 31239 --- [SpringApplicationShutdownHook] com.alibaba.nacos.client.naming          : com.alibaba.nacos.client.naming.core.HostReactor do shutdown begin
2022-02-12 16:35:48.164  INFO 31239 --- [SpringApplicationShutdownHook] com.alibaba.nacos.client.naming          : com.alibaba.nacos.client.naming.core.PushReceiver do shutdown begin
2022-02-12 16:35:51.164  INFO 31239 --- [SpringApplicationShutdownHook] com.alibaba.nacos.client.naming          : com.alibaba.nacos.client.naming.core.PushReceiver do shutdown stop
2022-02-12 16:35:51.165  INFO 31239 --- [SpringApplicationShutdownHook] com.alibaba.nacos.client.naming          : com.alibaba.nacos.client.naming.backups.FailoverReactor do shutdown begin
2022-02-12 16:35:51.165  INFO 31239 --- [SpringApplicationShutdownHook] com.alibaba.nacos.client.naming          : com.alibaba.nacos.client.naming.backups.FailoverReactor do shutdown stop
2022-02-12 16:35:51.165  INFO 31239 --- [SpringApplicationShutdownHook] com.alibaba.nacos.client.naming          : com.alibaba.nacos.client.naming.core.HostReactor do shutdown stop
2022-02-12 16:35:51.165  INFO 31239 --- [SpringApplicationShutdownHook] com.alibaba.nacos.client.naming          : com.alibaba.nacos.client.naming.net.NamingProxy do shutdown begin
2022-02-12 16:35:51.166  WARN 31239 --- [SpringApplicationShutdownHook] com.alibaba.nacos.client.naming          : [NamingHttpClientManager] Start destroying NacosRestTemplate
2022-02-12 16:35:51.166  WARN 31239 --- [SpringApplicationShutdownHook] com.alibaba.nacos.client.naming          : [NamingHttpClientManager] Destruction of the end
2022-02-12 16:35:51.166  INFO 31239 --- [SpringApplicationShutdownHook] c.a.n.client.identify.CredentialWatcher  : [null] CredentialWatcher is stopped
2022-02-12 16:35:51.166  INFO 31239 --- [SpringApplicationShutdownHook] c.a.n.client.identify.CredentialService  : [null] CredentialService is freed
2022-02-12 16:35:51.166  INFO 31239 --- [SpringApplicationShutdownHook] com.alibaba.nacos.client.naming          : com.alibaba.nacos.client.naming.net.NamingProxy do shutdown stop
2022-02-12 16:35:51.166  WARN 31239 --- [SpringApplicationShutdownHook] o.s.b.f.support.DisposableBeanAdapter    : Custom destroy method 'close' on bean with name 'nacosServiceRegistry' threw an exception: java.lang.NullPointerException
2022-02-12 20:25:40.933  INFO 38897 --- [restartedMain] c.a.n.c.c.impl.LocalConfigInfoProcessor  : LOCAL_SNAPSHOT_PATH:/home/stone/nacos/config
2022-02-12 20:25:40.956  INFO 38897 --- [restartedMain] c.a.nacos.client.config.impl.Limiter     : limitTime:5.0
2022-02-12 20:25:40.980  WARN 38897 --- [restartedMain] c.a.c.n.c.NacosPropertySourceBuilder     : Ignore the empty nacos configuration and get it based on dataId[mall-product] & group[DEFAULT_GROUP]
2022-02-12 20:25:40.986  WARN 38897 --- [restartedMain] c.a.c.n.c.NacosPropertySourceBuilder     : Ignore the empty nacos configuration and get it based on dataId[mall-product.properties] & group[DEFAULT_GROUP]
2022-02-12 20:25:40.986  INFO 38897 --- [restartedMain] b.c.PropertySourceBootstrapConfiguration : Located property source: [BootstrapPropertySource {name='bootstrapProperties-mall-product.properties,DEFAULT_GROUP'}, BootstrapPropertySource {name='bootstrapProperties-mall-product,DEFAULT_GROUP'}]
2022-02-12 20:25:40.997  INFO 38897 --- [restartedMain] c.s.mall.product.MallProductApplication  : No active profile set, falling back to default profiles: default
2022-02-12 20:25:41.626  INFO 38897 --- [restartedMain] .s.d.r.c.RepositoryConfigurationDelegate : Multiple Spring Data modules found, entering strict repository configuration mode!
2022-02-12 20:25:41.627  INFO 38897 --- [restartedMain] .s.d.r.c.RepositoryConfigurationDelegate : Bootstrapping Spring Data Redis repositories in DEFAULT mode.
2022-02-12 20:25:41.647  INFO 38897 --- [restartedMain] .s.d.r.c.RepositoryConfigurationDelegate : Finished Spring Data repository scanning in 9 ms. Found 0 Redis repository interfaces.
2022-02-12 20:25:41.820  WARN 38897 --- [restartedMain] o.m.s.mapper.ClassPathMapperScanner      : Skipping MapperFactoryBean with name 'attrAttrgroupRelationDao' and 'com.stone.mall.product.dao.AttrAttrgroupRelationDao' mapperInterface. Bean already defined with the same name!
2022-02-12 20:25:41.822  WARN 38897 --- [restartedMain] o.m.s.mapper.ClassPathMapperScanner      : Skipping MapperFactoryBean with name 'attrDao' and 'com.stone.mall.product.dao.AttrDao' mapperInterface. Bean already defined with the same name!
2022-02-12 20:25:41.822  WARN 38897 --- [restartedMain] o.m.s.mapper.ClassPathMapperScanner      : Skipping MapperFactoryBean with name 'attrGroupDao' and 'com.stone.mall.product.dao.AttrGroupDao' mapperInterface. Bean already defined with the same name!
2022-02-12 20:25:41.822  WARN 38897 --- [restartedMain] o.m.s.mapper.ClassPathMapperScanner      : Skipping MapperFactoryBean with name 'brandDao' and 'com.stone.mall.product.dao.BrandDao' mapperInterface. Bean already defined with the same name!
2022-02-12 20:25:41.822  WARN 38897 --- [restartedMain] o.m.s.mapper.ClassPathMapperScanner      : Skipping MapperFactoryBean with name 'categoryBrandRelationDao' and 'com.stone.mall.product.dao.CategoryBrandRelationDao' mapperInterface. Bean already defined with the same name!
2022-02-12 20:25:41.822  WARN 38897 --- [restartedMain] o.m.s.mapper.ClassPathMapperScanner      : Skipping MapperFactoryBean with name 'categoryDao' and 'com.stone.mall.product.dao.CategoryDao' mapperInterface. Bean already defined with the same name!
2022-02-12 20:25:41.822  WARN 38897 --- [restartedMain] o.m.s.mapper.ClassPathMapperScanner      : Skipping MapperFactoryBean with name 'commentReplayDao' and 'com.stone.mall.product.dao.CommentReplayDao' mapperInterface. Bean already defined with the same name!
2022-02-12 20:25:41.823  WARN 38897 --- [restartedMain] o.m.s.mapper.ClassPathMapperScanner      : Skipping MapperFactoryBean with name 'productAttrValueDao' and 'com.stone.mall.product.dao.ProductAttrValueDao' mapperInterface. Bean already defined with the same name!
2022-02-12 20:25:41.823  WARN 38897 --- [restartedMain] o.m.s.mapper.ClassPathMapperScanner      : Skipping MapperFactoryBean with name 'skuImagesDao' and 'com.stone.mall.product.dao.SkuImagesDao' mapperInterface. Bean already defined with the same name!
2022-02-12 20:25:41.823  WARN 38897 --- [restartedMain] o.m.s.mapper.ClassPathMapperScanner      : Skipping MapperFactoryBean with name 'skuInfoDao' and 'com.stone.mall.product.dao.SkuInfoDao' mapperInterface. Bean already defined with the same name!
2022-02-12 20:25:41.823  WARN 38897 --- [restartedMain] o.m.s.mapper.ClassPathMapperScanner      : Skipping MapperFactoryBean with name 'skuSaleAttrValueDao' and 'com.stone.mall.product.dao.SkuSaleAttrValueDao' mapperInterface. Bean already defined with the same name!
2022-02-12 20:25:41.823  WARN 38897 --- [restartedMain] o.m.s.mapper.ClassPathMapperScanner      : Skipping MapperFactoryBean with name 'spuCommentDao' and 'com.stone.mall.product.dao.SpuCommentDao' mapperInterface. Bean already defined with the same name!
2022-02-12 20:25:41.823  WARN 38897 --- [restartedMain] o.m.s.mapper.ClassPathMapperScanner      : Skipping MapperFactoryBean with name 'spuImagesDao' and 'com.stone.mall.product.dao.SpuImagesDao' mapperInterface. Bean already defined with the same name!
2022-02-12 20:25:41.823  WARN 38897 --- [restartedMain] o.m.s.mapper.ClassPathMapperScanner      : Skipping MapperFactoryBean with name 'spuInfoDao' and 'com.stone.mall.product.dao.SpuInfoDao' mapperInterface. Bean already defined with the same name!
2022-02-12 20:25:41.823  WARN 38897 --- [restartedMain] o.m.s.mapper.ClassPathMapperScanner      : Skipping MapperFactoryBean with name 'spuInfoDescDao' and 'com.stone.mall.product.dao.SpuInfoDescDao' mapperInterface. Bean already defined with the same name!
2022-02-12 20:25:41.823  WARN 38897 --- [restartedMain] o.m.s.mapper.ClassPathMapperScanner      : Skipping MapperFactoryBean with name 'undoLogDao' and 'com.stone.mall.product.dao.UndoLogDao' mapperInterface. Bean already defined with the same name!
2022-02-12 20:25:41.823  WARN 38897 --- [restartedMain] o.m.s.mapper.ClassPathMapperScanner      : No MyBatis mapper was found in '[com.stone.mall.product.dao]' package. Please check your configuration.
2022-02-12 20:25:41.892  INFO 38897 --- [restartedMain] o.s.cloud.context.scope.GenericScope     : BeanFactory id=714fc8f5-d11c-3e20-b95b-9f2ef1c6b91c
2022-02-12 20:25:42.519  INFO 38897 --- [restartedMain] o.s.b.w.embedded.tomcat.TomcatWebServer  : Tomcat initialized with port(s): 10000 (http)
2022-02-12 20:25:42.526  INFO 38897 --- [restartedMain] o.apache.catalina.core.StandardService   : Starting service [Tomcat]
2022-02-12 20:25:42.526  INFO 38897 --- [restartedMain] org.apache.catalina.core.StandardEngine  : Starting Servlet engine: [Apache Tomcat/9.0.56]
2022-02-12 20:25:42.587  INFO 38897 --- [restartedMain] o.a.c.c.C.[Tomcat].[localhost].[/]       : Initializing Spring embedded WebApplicationContext
2022-02-12 20:25:42.587  INFO 38897 --- [restartedMain] w.s.c.ServletWebServerApplicationContext : Root WebApplicationContext: initialization completed in 1569 ms
2022-02-12 20:25:45.104  INFO 38897 --- [restartedMain] o.s.b.d.a.OptionalLiveReloadServer       : LiveReload server is running on port 35729
2022-02-12 20:25:45.127  INFO 38897 --- [restartedMain] o.s.c.openfeign.FeignClientFactoryBean   : For 'mall-coupon' URL not provided. Will try picking an instance via load-balancing.
2022-02-12 20:25:45.183  INFO 38897 --- [restartedMain] o.s.c.openfeign.FeignClientFactoryBean   : For 'mall-ware' URL not provided. Will try picking an instance via load-balancing.
2022-02-12 20:25:45.204  INFO 38897 --- [restartedMain] o.s.c.openfeign.FeignClientFactoryBean   : For 'mall-search' URL not provided. Will try picking an instance via load-balancing.
2022-02-12 20:25:45.464  INFO 38897 --- [restartedMain] o.s.b.a.w.s.WelcomePageHandlerMapping    : Adding welcome page template: index
2022-02-12 20:25:45.769  WARN 38897 --- [restartedMain] iguration$LoadBalancerCaffeineWarnLogger : Spring Cloud LoadBalancer is currently working with the default cache. While this cache implementation is useful for development and tests, it's recommended to use Caffeine cache in production.You can switch to using Caffeine cache, by adding it and org.springframework.cache.caffeine.CaffeineCacheManager to the classpath.
2022-02-12 20:25:45.869  INFO 38897 --- [restartedMain] com.alibaba.nacos.client.naming          : initializer namespace from System Property :null
2022-02-12 20:25:45.870  INFO 38897 --- [restartedMain] com.alibaba.nacos.client.naming          : initializer namespace from System Environment :null
2022-02-12 20:25:45.870  INFO 38897 --- [restartedMain] com.alibaba.nacos.client.naming          : initializer namespace from System Property :null
2022-02-12 20:25:46.065  INFO 38897 --- [restartedMain] o.s.b.w.embedded.tomcat.TomcatWebServer  : Tomcat started on port(s): 10000 (http) with context path ''
2022-02-12 20:25:46.078  INFO 38897 --- [restartedMain] com.alibaba.nacos.client.naming          : [BEAT] adding beat: BeatInfo{port=10000, ip='192.168.3.15', weight=1.0, serviceName='DEFAULT_GROUP@@mall-product', cluster='DEFAULT', metadata={preserved.register.source=SPRING_CLOUD}, scheduled=false, period=5000, stopped=false} to beat map.
2022-02-12 20:25:46.079  INFO 38897 --- [restartedMain] com.alibaba.nacos.client.naming          : [REGISTER-SERVICE] public registering service DEFAULT_GROUP@@mall-product with instance: Instance{instanceId='null', ip='192.168.3.15', port=10000, weight=1.0, healthy=true, enabled=true, ephemeral=true, clusterName='DEFAULT', serviceName='null', metadata={preserved.register.source=SPRING_CLOUD}}
2022-02-12 20:25:46.084  INFO 38897 --- [restartedMain] c.a.c.n.registry.NacosServiceRegistry    : nacos registry, DEFAULT_GROUP mall-product 192.168.3.15:10000 register finished
2022-02-12 20:25:46.103  INFO 38897 --- [restartedMain] c.s.mall.product.MallProductApplication  : Started MallProductApplication in 6.4 seconds (JVM running for 7.27)
2022-02-12 20:25:46.107  INFO 38897 --- [restartedMain] c.a.n.client.config.impl.ClientWorker    : [fixed-127.0.0.1_8848-1d9c10ac-21f1-4a03-802e-af8ca4c061c4] [subscribe] mall-product+DEFAULT_GROUP+1d9c10ac-21f1-4a03-802e-af8ca4c061c4
2022-02-12 20:25:46.108  INFO 38897 --- [restartedMain] c.a.nacos.client.config.impl.CacheData   : [fixed-127.0.0.1_8848-1d9c10ac-21f1-4a03-802e-af8ca4c061c4] [add-listener] ok, tenant=1d9c10ac-21f1-4a03-802e-af8ca4c061c4, dataId=mall-product, group=DEFAULT_GROUP, cnt=1
2022-02-12 20:25:46.108  INFO 38897 --- [restartedMain] c.a.n.client.config.impl.ClientWorker    : [fixed-127.0.0.1_8848-1d9c10ac-21f1-4a03-802e-af8ca4c061c4] [subscribe] mall-product.properties+DEFAULT_GROUP+1d9c10ac-21f1-4a03-802e-af8ca4c061c4
2022-02-12 20:25:46.108  INFO 38897 --- [restartedMain] c.a.nacos.client.config.impl.CacheData   : [fixed-127.0.0.1_8848-1d9c10ac-21f1-4a03-802e-af8ca4c061c4] [add-listener] ok, tenant=1d9c10ac-21f1-4a03-802e-af8ca4c061c4, dataId=mall-product.properties, group=DEFAULT_GROUP, cnt=1
2022-02-12 20:25:47.042  INFO 38897 --- [com.alibaba.nacos.client.naming.updater] com.alibaba.nacos.client.naming          : new ips(1) service: DEFAULT_GROUP@@mall-product@@DEFAULT -> [{"instanceId":"192.168.3.15#10000#DEFAULT#DEFAULT_GROUP@@mall-product","ip":"192.168.3.15","port":10000,"weight":1.0,"healthy":true,"enabled":true,"ephemeral":true,"clusterName":"DEFAULT","serviceName":"mall-product","metadata":{"preserved.register.source":"SPRING_CLOUD"},"ipDeleteTimeout":30000,"instanceHeartBeatInterval":5000,"instanceHeartBeatTimeOut":15000}]
2022-02-12 20:25:47.050  INFO 38897 --- [com.alibaba.nacos.client.naming.updater] com.alibaba.nacos.client.naming          : current ips:(1) service: DEFAULT_GROUP@@mall-product@@DEFAULT -> [{"instanceId":"192.168.3.15#10000#DEFAULT#DEFAULT_GROUP@@mall-product","ip":"192.168.3.15","port":10000,"weight":1.0,"healthy":true,"enabled":true,"ephemeral":true,"clusterName":"DEFAULT","serviceName":"mall-product","metadata":{"preserved.register.source":"SPRING_CLOUD"},"ipDeleteTimeout":30000,"instanceHeartBeatInterval":5000,"instanceHeartBeatTimeOut":15000}]
2022-02-12 20:36:48.801  INFO 38897 --- [http-nio-10000-exec-1] o.a.c.c.C.[Tomcat].[localhost].[/]       : Initializing Spring DispatcherServlet 'dispatcherServlet'
2022-02-12 20:36:48.802  INFO 38897 --- [http-nio-10000-exec-1] o.s.web.servlet.DispatcherServlet        : Initializing Servlet 'dispatcherServlet'
2022-02-12 20:36:48.803  INFO 38897 --- [http-nio-10000-exec-1] o.s.web.servlet.DispatcherServlet        : Completed initialization in 1 ms
2022-02-12 20:36:48.850  INFO 38897 --- [http-nio-10000-exec-1] com.zaxxer.hikari.HikariDataSource       : HikariPool-1 - Starting...
2022-02-12 20:36:49.153  INFO 38897 --- [http-nio-10000-exec-1] com.zaxxer.hikari.HikariDataSource       : HikariPool-1 - Start completed.
2022-02-12 20:36:49.160 DEBUG 38897 --- [http-nio-10000-exec-1] c.s.m.p.dao.CategoryDao.selectList       : ==>  Preparing: SELECT cat_id,name,parent_cid,cat_level,show_status,sort,icon,product_unit,product_count FROM pms_category WHERE show_status=1 
2022-02-12 20:36:49.176 DEBUG 38897 --- [http-nio-10000-exec-1] c.s.m.p.dao.CategoryDao.selectList       : ==> Parameters: 
2022-02-12 20:36:49.232 DEBUG 38897 --- [http-nio-10000-exec-1] c.s.m.p.dao.CategoryDao.selectList       : <==      Total: 1423
