2022-01-19 20:06:23.765  INFO 16900 --- [main] c.a.n.c.c.impl.LocalConfigInfoProcessor  : LOCAL_SNAPSHOT_PATH:C:\Users\tao19\nacos\config
2022-01-19 20:06:23.790  INFO 16900 --- [main] c.a.nacos.client.config.impl.Limiter     : limitTime:5.0
2022-01-19 20:06:23.811  WARN 16900 --- [main] c.a.c.n.c.NacosPropertySourceBuilder     : Ignore the empty nacos configuration and get it based on dataId[mall-product] & group[DEFAULT_GROUP]
2022-01-19 20:06:23.814  WARN 16900 --- [main] c.a.c.n.c.NacosPropertySourceBuilder     : Ignore the empty nacos configuration and get it based on dataId[mall-product.properties] & group[DEFAULT_GROUP]
2022-01-19 20:06:23.815  INFO 16900 --- [main] b.c.PropertySourceBootstrapConfiguration : Located property source: [BootstrapPropertySource {name='bootstrapProperties-mall-product.properties,DEFAULT_GROUP'}, BootstrapPropertySource {name='bootstrapProperties-mall-product,DEFAULT_GROUP'}]
2022-01-19 20:06:23.826  INFO 16900 --- [main] c.s.mall.product.MallProductApplication  : No active profile set, falling back to default profiles: default
2022-01-19 20:06:24.357  WARN 16900 --- [main] o.m.s.mapper.ClassPathMapperScanner      : Skipping MapperFactoryBean with name 'attrAttrgroupRelationDao' and 'com.stone.mall.product.dao.AttrAttrgroupRelationDao' mapperInterface. Bean already defined with the same name!
2022-01-19 20:06:24.357  WARN 16900 --- [main] o.m.s.mapper.ClassPathMapperScanner      : Skipping MapperFactoryBean with name 'attrDao' and 'com.stone.mall.product.dao.AttrDao' mapperInterface. Bean already defined with the same name!
2022-01-19 20:06:24.357  WARN 16900 --- [main] o.m.s.mapper.ClassPathMapperScanner      : Skipping MapperFactoryBean with name 'attrGroupDao' and 'com.stone.mall.product.dao.AttrGroupDao' mapperInterface. Bean already defined with the same name!
2022-01-19 20:06:24.357  WARN 16900 --- [main] o.m.s.mapper.ClassPathMapperScanner      : Skipping MapperFactoryBean with name 'brandDao' and 'com.stone.mall.product.dao.BrandDao' mapperInterface. Bean already defined with the same name!
2022-01-19 20:06:24.357  WARN 16900 --- [main] o.m.s.mapper.ClassPathMapperScanner      : Skipping MapperFactoryBean with name 'categoryBrandRelationDao' and 'com.stone.mall.product.dao.CategoryBrandRelationDao' mapperInterface. Bean already defined with the same name!
2022-01-19 20:06:24.358  WARN 16900 --- [main] o.m.s.mapper.ClassPathMapperScanner      : Skipping MapperFactoryBean with name 'categoryDao' and 'com.stone.mall.product.dao.CategoryDao' mapperInterface. Bean already defined with the same name!
2022-01-19 20:06:24.358  WARN 16900 --- [main] o.m.s.mapper.ClassPathMapperScanner      : Skipping MapperFactoryBean with name 'commentReplayDao' and 'com.stone.mall.product.dao.CommentReplayDao' mapperInterface. Bean already defined with the same name!
2022-01-19 20:06:24.358  WARN 16900 --- [main] o.m.s.mapper.ClassPathMapperScanner      : Skipping MapperFactoryBean with name 'productAttrValueDao' and 'com.stone.mall.product.dao.ProductAttrValueDao' mapperInterface. Bean already defined with the same name!
2022-01-19 20:06:24.358  WARN 16900 --- [main] o.m.s.mapper.ClassPathMapperScanner      : Skipping MapperFactoryBean with name 'skuImagesDao' and 'com.stone.mall.product.dao.SkuImagesDao' mapperInterface. Bean already defined with the same name!
2022-01-19 20:06:24.358  WARN 16900 --- [main] o.m.s.mapper.ClassPathMapperScanner      : Skipping MapperFactoryBean with name 'skuInfoDao' and 'com.stone.mall.product.dao.SkuInfoDao' mapperInterface. Bean already defined with the same name!
2022-01-19 20:06:24.358  WARN 16900 --- [main] o.m.s.mapper.ClassPathMapperScanner      : Skipping MapperFactoryBean with name 'skuSaleAttrValueDao' and 'com.stone.mall.product.dao.SkuSaleAttrValueDao' mapperInterface. Bean already defined with the same name!
2022-01-19 20:06:24.358  WARN 16900 --- [main] o.m.s.mapper.ClassPathMapperScanner      : Skipping MapperFactoryBean with name 'spuCommentDao' and 'com.stone.mall.product.dao.SpuCommentDao' mapperInterface. Bean already defined with the same name!
2022-01-19 20:06:24.358  WARN 16900 --- [main] o.m.s.mapper.ClassPathMapperScanner      : Skipping MapperFactoryBean with name 'spuImagesDao' and 'com.stone.mall.product.dao.SpuImagesDao' mapperInterface. Bean already defined with the same name!
2022-01-19 20:06:24.358  WARN 16900 --- [main] o.m.s.mapper.ClassPathMapperScanner      : Skipping MapperFactoryBean with name 'spuInfoDao' and 'com.stone.mall.product.dao.SpuInfoDao' mapperInterface. Bean already defined with the same name!
2022-01-19 20:06:24.358  WARN 16900 --- [main] o.m.s.mapper.ClassPathMapperScanner      : Skipping MapperFactoryBean with name 'spuInfoDescDao' and 'com.stone.mall.product.dao.SpuInfoDescDao' mapperInterface. Bean already defined with the same name!
2022-01-19 20:06:24.358  WARN 16900 --- [main] o.m.s.mapper.ClassPathMapperScanner      : Skipping MapperFactoryBean with name 'undoLogDao' and 'com.stone.mall.product.dao.UndoLogDao' mapperInterface. Bean already defined with the same name!
2022-01-19 20:06:24.359  WARN 16900 --- [main] o.m.s.mapper.ClassPathMapperScanner      : No MyBatis mapper was found in '[com.stone.mall.product.dao]' package. Please check your configuration.
2022-01-19 20:06:24.411  INFO 16900 --- [main] o.s.cloud.context.scope.GenericScope     : BeanFactory id=8e1f4509-f2ec-32a0-bdc1-59054ed37e5e
2022-01-19 20:06:24.667  INFO 16900 --- [main] o.s.b.w.embedded.tomcat.TomcatWebServer  : Tomcat initialized with port(s): 10000 (http)
2022-01-19 20:06:24.675  INFO 16900 --- [main] o.apache.catalina.core.StandardService   : Starting service [Tomcat]
2022-01-19 20:06:24.675  INFO 16900 --- [main] org.apache.catalina.core.StandardEngine  : Starting Servlet engine: [Apache Tomcat/9.0.56]
2022-01-19 20:06:24.762  INFO 16900 --- [main] o.a.c.c.C.[Tomcat].[localhost].[/]       : Initializing Spring embedded WebApplicationContext
2022-01-19 20:06:24.762  INFO 16900 --- [main] w.s.c.ServletWebServerApplicationContext : Root WebApplicationContext: initialization completed in 919 ms
2022-01-19 20:06:26.425  INFO 16900 --- [main] com.alibaba.nacos.client.naming          : initializer namespace from System Property :null
2022-01-19 20:06:26.426  INFO 16900 --- [main] com.alibaba.nacos.client.naming          : initializer namespace from System Environment :null
2022-01-19 20:06:26.426  INFO 16900 --- [main] com.alibaba.nacos.client.naming          : initializer namespace from System Property :null
2022-01-19 20:06:26.531  INFO 16900 --- [main] o.s.b.w.embedded.tomcat.TomcatWebServer  : Tomcat started on port(s): 10000 (http) with context path ''
2022-01-19 20:06:26.535  INFO 16900 --- [main] com.alibaba.nacos.client.naming          : [BEAT] adding beat: BeatInfo{port=10000, ip='192.168.19.1', weight=1.0, serviceName='DEFAULT_GROUP@@mall-product', cluster='DEFAULT', metadata={preserved.register.source=SPRING_CLOUD}, scheduled=false, period=5000, stopped=false} to beat map.
2022-01-19 20:06:26.536  INFO 16900 --- [main] com.alibaba.nacos.client.naming          : [REGISTER-SERVICE] public registering service DEFAULT_GROUP@@mall-product with instance: Instance{instanceId='null', ip='192.168.19.1', port=10000, weight=1.0, healthy=true, enabled=true, ephemeral=true, clusterName='DEFAULT', serviceName='null', metadata={preserved.register.source=SPRING_CLOUD}}
2022-01-19 20:06:26.539  INFO 16900 --- [main] c.a.c.n.registry.NacosServiceRegistry    : nacos registry, DEFAULT_GROUP mall-product 192.168.19.1:10000 register finished
2022-01-19 20:06:26.667  INFO 16900 --- [main] c.s.mall.product.MallProductApplication  : Started MallProductApplication in 4.406 seconds (JVM running for 5.167)
2022-01-19 20:06:26.670  INFO 16900 --- [main] c.a.n.client.config.impl.ClientWorker    : [fixed-127.0.0.1_8848-1d9c10ac-21f1-4a03-802e-af8ca4c061c4] [subscribe] mall-product+DEFAULT_GROUP+1d9c10ac-21f1-4a03-802e-af8ca4c061c4
2022-01-19 20:06:26.671  INFO 16900 --- [main] c.a.nacos.client.config.impl.CacheData   : [fixed-127.0.0.1_8848-1d9c10ac-21f1-4a03-802e-af8ca4c061c4] [add-listener] ok, tenant=1d9c10ac-21f1-4a03-802e-af8ca4c061c4, dataId=mall-product, group=DEFAULT_GROUP, cnt=1
2022-01-19 20:06:26.671  INFO 16900 --- [main] c.a.n.client.config.impl.ClientWorker    : [fixed-127.0.0.1_8848-1d9c10ac-21f1-4a03-802e-af8ca4c061c4] [subscribe] mall-product.properties+DEFAULT_GROUP+1d9c10ac-21f1-4a03-802e-af8ca4c061c4
2022-01-19 20:06:26.671  INFO 16900 --- [main] c.a.nacos.client.config.impl.CacheData   : [fixed-127.0.0.1_8848-1d9c10ac-21f1-4a03-802e-af8ca4c061c4] [add-listener] ok, tenant=1d9c10ac-21f1-4a03-802e-af8ca4c061c4, dataId=mall-product.properties, group=DEFAULT_GROUP, cnt=1
2022-01-19 20:06:27.538  INFO 16900 --- [com.alibaba.nacos.client.naming.updater] com.alibaba.nacos.client.naming          : new ips(1) service: DEFAULT_GROUP@@mall-product@@DEFAULT -> [{"instanceId":"192.168.19.1#10000#DEFAULT#DEFAULT_GROUP@@mall-product","ip":"192.168.19.1","port":10000,"weight":1.0,"healthy":true,"enabled":true,"ephemeral":true,"clusterName":"DEFAULT","serviceName":"mall-product","metadata":{"preserved.register.source":"SPRING_CLOUD"},"ipDeleteTimeout":30000,"instanceHeartBeatInterval":5000,"instanceHeartBeatTimeOut":15000}]
2022-01-19 20:06:27.543  INFO 16900 --- [com.alibaba.nacos.client.naming.updater] com.alibaba.nacos.client.naming          : current ips:(1) service: DEFAULT_GROUP@@mall-product@@DEFAULT -> [{"instanceId":"192.168.19.1#10000#DEFAULT#DEFAULT_GROUP@@mall-product","ip":"192.168.19.1","port":10000,"weight":1.0,"healthy":true,"enabled":true,"ephemeral":true,"clusterName":"DEFAULT","serviceName":"mall-product","metadata":{"preserved.register.source":"SPRING_CLOUD"},"ipDeleteTimeout":30000,"instanceHeartBeatInterval":5000,"instanceHeartBeatTimeOut":15000}]
2022-01-19 20:07:24.523  INFO 16900 --- [http-nio-10000-exec-1] o.a.c.c.C.[Tomcat].[localhost].[/]       : Initializing Spring DispatcherServlet 'dispatcherServlet'
2022-01-19 20:07:24.524  INFO 16900 --- [http-nio-10000-exec-1] o.s.web.servlet.DispatcherServlet        : Initializing Servlet 'dispatcherServlet'
2022-01-19 20:07:24.525  INFO 16900 --- [http-nio-10000-exec-1] o.s.web.servlet.DispatcherServlet        : Completed initialization in 1 ms
2022-01-19 20:07:24.625  INFO 16900 --- [http-nio-10000-exec-1] com.zaxxer.hikari.HikariDataSource       : HikariPool-1 - Starting...
2022-01-19 20:07:25.031  INFO 16900 --- [http-nio-10000-exec-1] com.zaxxer.hikari.HikariDataSource       : HikariPool-1 - Start completed.
2022-01-19 20:07:25.062 DEBUG 16900 --- [http-nio-10000-exec-1] c.s.m.p.dao.AttrGroupDao.selectPage      : ==>  Preparing: SELECT COUNT(1) FROM pms_attr_group WHERE ((attr_group_id = ? OR attr_group_name LIKE ?)) 
2022-01-19 20:07:25.084 DEBUG 16900 --- [http-nio-10000-exec-1] c.s.m.p.dao.AttrGroupDao.selectPage      : ==> Parameters: 主(String), %主%(String)
2022-01-19 20:07:25.107 DEBUG 16900 --- [http-nio-10000-exec-1] c.s.m.p.dao.AttrGroupDao.selectPage      : ==>  Preparing: SELECT attr_group_id,attr_group_name,sort,descript,icon,catelog_id FROM pms_attr_group WHERE ((attr_group_id = ? OR attr_group_name LIKE ?)) LIMIT ?,? 
2022-01-19 20:07:25.109 DEBUG 16900 --- [http-nio-10000-exec-1] c.s.m.p.dao.AttrGroupDao.selectPage      : ==> Parameters: 主(String), %主%(String), 0(Long), 10(Long)
2022-01-19 20:07:25.114 DEBUG 16900 --- [http-nio-10000-exec-1] c.s.m.p.dao.AttrGroupDao.selectPage      : <==      Total: 1
2022-01-19 20:08:28.727 DEBUG 16900 --- [http-nio-10000-exec-3] c.s.m.p.dao.AttrGroupDao.selectPage      : ==>  Preparing: SELECT COUNT(1) FROM pms_attr_group WHERE ((attr_group_id = ? OR attr_group_name LIKE ?) AND catelog_id = ?) 
2022-01-19 20:08:28.727 DEBUG 16900 --- [http-nio-10000-exec-3] c.s.m.p.dao.AttrGroupDao.selectPage      : ==> Parameters: 主(String), %主%(String), 229(Long)
2022-01-19 20:08:30.927 DEBUG 16900 --- [http-nio-10000-exec-4] c.s.m.p.dao.AttrGroupDao.selectPage      : ==>  Preparing: SELECT COUNT(1) FROM pms_attr_group WHERE ((attr_group_id = ? OR attr_group_name LIKE ?)) 
2022-01-19 20:08:30.928 DEBUG 16900 --- [http-nio-10000-exec-4] c.s.m.p.dao.AttrGroupDao.selectPage      : ==> Parameters: 主(String), %主%(String)
2022-01-19 20:08:30.931 DEBUG 16900 --- [http-nio-10000-exec-4] c.s.m.p.dao.AttrGroupDao.selectPage      : ==>  Preparing: SELECT attr_group_id,attr_group_name,sort,descript,icon,catelog_id FROM pms_attr_group WHERE ((attr_group_id = ? OR attr_group_name LIKE ?)) LIMIT ?,? 
2022-01-19 20:08:30.932 DEBUG 16900 --- [http-nio-10000-exec-4] c.s.m.p.dao.AttrGroupDao.selectPage      : ==> Parameters: 主(String), %主%(String), 0(Long), 10(Long)
2022-01-19 20:08:30.934 DEBUG 16900 --- [http-nio-10000-exec-4] c.s.m.p.dao.AttrGroupDao.selectPage      : <==      Total: 1
2022-01-19 20:11:31.695  WARN 16900 --- [Thread-13] c.a.nacos.common.notify.NotifyCenter     : [NotifyCenter] Start destroying Publisher
2022-01-19 20:11:31.696  WARN 16900 --- [Thread-13] c.a.nacos.common.notify.NotifyCenter     : [NotifyCenter] Destruction of the end
2022-01-19 20:11:31.696  WARN 16900 --- [Thread-2] c.a.n.common.http.HttpClientBeanHolder   : [HttpClientBeanHolder] Start destroying common HttpClient
2022-01-19 20:11:31.696  WARN 16900 --- [Thread-2] c.a.n.common.http.HttpClientBeanHolder   : [HttpClientBeanHolder] Destruction of the end
2022-01-19 20:11:31.804  INFO 16900 --- [SpringApplicationShutdownHook] c.a.c.n.registry.NacosServiceRegistry    : De-registering from Nacos Server now...
2022-01-19 20:11:31.804  INFO 16900 --- [SpringApplicationShutdownHook] com.alibaba.nacos.client.naming          : [BEAT] removing beat: DEFAULT_GROUP@@mall-product:192.168.19.1:10000 from beat map.
2022-01-19 20:11:31.805  INFO 16900 --- [SpringApplicationShutdownHook] com.alibaba.nacos.client.naming          : [DEREGISTER-SERVICE] public deregistering service DEFAULT_GROUP@@mall-product with instance: Instance{instanceId='null', ip='192.168.19.1', port=10000, weight=1.0, healthy=true, enabled=true, ephemeral=true, clusterName='DEFAULT', serviceName='null', metadata={}}
2022-01-19 20:11:31.806  INFO 16900 --- [SpringApplicationShutdownHook] c.a.c.n.registry.NacosServiceRegistry    : De-registration finished.
2022-01-19 20:11:31.806  INFO 16900 --- [SpringApplicationShutdownHook] com.alibaba.nacos.client.naming          : com.alibaba.nacos.client.naming.beat.BeatReactor do shutdown begin
2022-01-19 20:11:32.105  INFO 16900 --- [SpringApplicationShutdownHook] com.alibaba.nacos.client.naming          : com.alibaba.nacos.client.naming.beat.BeatReactor do shutdown stop
2022-01-19 20:11:32.106  INFO 16900 --- [SpringApplicationShutdownHook] com.alibaba.nacos.client.naming          : com.alibaba.nacos.client.naming.core.HostReactor do shutdown begin
2022-01-19 20:11:34.464  INFO 16900 --- [com.alibaba.nacos.client.naming.updater] com.alibaba.nacos.client.naming          : removed ips(1) service: DEFAULT_GROUP@@mall-product@@DEFAULT -> [{"instanceId":"192.168.19.1#10000#DEFAULT#DEFAULT_GROUP@@mall-product","ip":"192.168.19.1","port":10000,"weight":1.0,"healthy":true,"enabled":true,"ephemeral":true,"clusterName":"DEFAULT","serviceName":"mall-product","metadata":{"preserved.register.source":"SPRING_CLOUD"},"ipDeleteTimeout":30000,"instanceHeartBeatInterval":5000,"instanceHeartBeatTimeOut":15000}]
2022-01-19 20:11:34.465  INFO 16900 --- [com.alibaba.nacos.client.naming.updater] com.alibaba.nacos.client.naming          : current ips:(0) service: DEFAULT_GROUP@@mall-product@@DEFAULT -> []
2022-01-19 20:11:34.467  INFO 16900 --- [SpringApplicationShutdownHook] com.alibaba.nacos.client.naming          : com.alibaba.nacos.client.naming.core.PushReceiver do shutdown begin
2022-01-19 20:11:37.500  INFO 16900 --- [SpringApplicationShutdownHook] com.alibaba.nacos.client.naming          : com.alibaba.nacos.client.naming.core.PushReceiver do shutdown stop
2022-01-19 20:11:37.501  INFO 16900 --- [SpringApplicationShutdownHook] com.alibaba.nacos.client.naming          : com.alibaba.nacos.client.naming.backups.FailoverReactor do shutdown begin
2022-01-19 20:11:37.501  INFO 16900 --- [SpringApplicationShutdownHook] com.alibaba.nacos.client.naming          : com.alibaba.nacos.client.naming.backups.FailoverReactor do shutdown stop
2022-01-19 20:11:37.501  INFO 16900 --- [SpringApplicationShutdownHook] com.alibaba.nacos.client.naming          : com.alibaba.nacos.client.naming.core.HostReactor do shutdown stop
2022-01-19 20:11:37.501  INFO 16900 --- [SpringApplicationShutdownHook] com.alibaba.nacos.client.naming          : com.alibaba.nacos.client.naming.net.NamingProxy do shutdown begin
2022-01-19 20:11:37.502  WARN 16900 --- [SpringApplicationShutdownHook] com.alibaba.nacos.client.naming          : [NamingHttpClientManager] Start destroying NacosRestTemplate
2022-01-19 20:11:37.502  WARN 16900 --- [SpringApplicationShutdownHook] com.alibaba.nacos.client.naming          : [NamingHttpClientManager] Destruction of the end
2022-01-19 20:11:37.502  INFO 16900 --- [SpringApplicationShutdownHook] c.a.n.client.identify.CredentialWatcher  : [null] CredentialWatcher is stopped
2022-01-19 20:11:37.502  INFO 16900 --- [SpringApplicationShutdownHook] c.a.n.client.identify.CredentialService  : [null] CredentialService is freed
2022-01-19 20:11:37.502  INFO 16900 --- [SpringApplicationShutdownHook] com.alibaba.nacos.client.naming          : com.alibaba.nacos.client.naming.net.NamingProxy do shutdown stop
2022-01-19 20:11:37.503  WARN 16900 --- [SpringApplicationShutdownHook] o.s.b.f.support.DisposableBeanAdapter    : Custom destroy method 'close' on bean with name 'nacosServiceRegistry' threw an exception: java.lang.NullPointerException
2022-01-19 20:11:37.505  INFO 16900 --- [SpringApplicationShutdownHook] com.zaxxer.hikari.HikariDataSource       : HikariPool-1 - Shutdown initiated...
2022-01-19 20:11:37.514  INFO 16900 --- [SpringApplicationShutdownHook] com.zaxxer.hikari.HikariDataSource       : HikariPool-1 - Shutdown completed.
